<?xml version="1.0" encoding="UTF-8"?>
<testsuite xmlns:xsi="http://www.w3.org/2001/XMLSchema-instance" xsi:noNamespaceSchemaLocation="https://maven.apache.org/surefire/maven-surefire-plugin/xsd/surefire-test-report.xsd" name="domain.PrendaTest" time="0.132" tests="6" errors="0" skipped="0" failures="0">
  <properties>
[...]
</properties>
  <testcase name="crearUnaPrendaConColorPrimario" classname="domain.PrendaTest" time="0.111"/>
  <testcase name="crearUnaPrendaConColorSecundario" classname="domain.PrendaTest" time="0.001"/>
  <testcase name="crearUnaPrendaSinSeleccionarTipoPrimerPaso" classname="domain.PrendaTest" time="0.002"/>
  <testcase name="crearUnaPrendaSinSeleccionarMaterialSegundoPaso" classname="domain.PrendaTest" time="0.001"/>
  <testcase name="crarUnaPrendaConColorPrimarioPorPasos" classname="domain.PrendaTest" time="0.001"/>
  <testcase name="crarUnaPrendaConColorSecundarioPorPasos" classname="domain.PrendaTest" time="0"/>
</testsuite>