<?xml version="1.0" encoding="UTF-8"?>
<testsuite xmlns:xsi="http://www.w3.org/2001/XMLSchema-instance" xsi:noNamespaceSchemaLocation="https://maven.apache.org/surefire/maven-surefire-plugin/xsd/surefire-test-report.xsd" name="domain.PrendaTest" time="0.111" tests="6" errors="4" skipped="0" failures="0">
  <properties>
[...]
</properties>
  <testcase name="crearUnaPrendaConColorPrimario" classname="domain.PrendaTest" time="0.067">
    <error message="Can&apos;t load library: /usr/lib/jvm/java-11-openjdk-amd64/lib/libawt_xawt.so" type="java.lang.UnsatisfiedLinkError">java.lang.UnsatisfiedLinkError: Can't load library: /usr/lib/jvm/java-11-openjdk-amd64/lib/libawt_xawt.so
	at domain.PrendaTest.crearUnaPrendaConColorPrimario(PrendaTest.java:13)
</error>
  </testcase>
  <testcase name="crearUnaPrendaConColorSecundario" classname="domain.PrendaTest" time="0">
    <error message="Could not initialize class java.awt.Color" type="java.lang.NoClassDefFoundError">java.lang.NoClassDefFoundError: Could not initialize class java.awt.Color
	at domain.PrendaTest.crearUnaPrendaConColorSecundario(PrendaTest.java:21)
</error>
  </testcase>
  <testcase name="crearUnaPrendaSinSeleccionarTipoPrimerPaso" classname="domain.PrendaTest" time="0.011"/>
  <testcase name="crearUnaPrendaSinSeleccionarMaterialSegundoPaso" classname="domain.PrendaTest" time="0.001"/>
  <testcase name="crarUnaPrendaConColorPrimarioPorPasos" classname="domain.PrendaTest" time="0.002">
    <error message="Could not initialize class java.awt.Color" type="java.lang.NoClassDefFoundError">java.lang.NoClassDefFoundError: Could not initialize class java.awt.Color
	at domain.PrendaTest.crarUnaPrendaConColorPrimarioPorPasos(PrendaTest.java:33)
</error>
  </testcase>
  <testcase name="crarUnaPrendaConColorSecundarioPorPasos" classname="domain.PrendaTest" time="0.001">
    <error message="Could not initialize class java.awt.Color" type="java.lang.NoClassDefFoundError">java.lang.NoClassDefFoundError: Could not initialize class java.awt.Color
	at domain.PrendaTest.crarUnaPrendaConColorSecundarioPorPasos(PrendaTest.java:44)
</error>
  </testcase>
</testsuite>